<?xml version="1.0" encoding="UTF-8"?>
<!-- Generated by org.testng.reporters.JUnitXMLReporter -->
<testsuite ignored="1" hostname="DESKTOP-J81GBTP" failures="0" tests="1" name="Default test" time="31.349" errors="0" timestamp="2024-06-22T18:28:56 IST">
  <testcase classname="testng.AccountsFunctionality" name="EditAccount" time="31.291"/>
  <testcase classname="testng.AccountsFunctionality" name="CreateAccount" time="0.0">
    <ignored/>
  </testcase> <!-- CreateAccount -->
</testsuite> <!-- Default test -->
