<?xml version="1.0" encoding="UTF-8"?>
<testng-results ignored="0" total="1" passed="1" failed="0" skipped="0">
  <reporter-output>
  </reporter-output>
  <suite started-at="2024-06-30T16:35:28 IST" name="Suite" finished-at="2024-06-30T16:36:09 IST" duration-ms="40752">
    <groups>
    </groups>
    <test started-at="2024-06-30T16:35:28 IST" name="Test" finished-at="2024-06-30T16:36:09 IST" duration-ms="40752">
      <class name="bootcamp2testng.EditAccount">
        <test-method is-config="true" signature="setUp(java.lang.String,java.lang.String,java.lang.String)[pri:0, instance:bootcamp2testng.EditAccount@481ba2cf]" started-at="2024-06-30T16:35:32 IST" name="setUp" finished-at="2024-06-30T16:35:50 IST" duration-ms="18251" status="PASS">
          <params>
            <param index="0">
              <value>
                <![CDATA[https://login.salesforce.com/]]>
              </value>
            </param>
            <param index="1">
              <value>
                <![CDATA[bootcamp_2024@testleaf.com]]>
              </value>
            </param>
            <param index="2">
              <value>
                <![CDATA[Bootcamp@123]]>
              </value>
            </param>
          </params>
          <reporter-output>
          </reporter-output>
        </test-method> <!-- setUp -->
        <test-method signature="updateAccount(java.lang.String,java.lang.String,java.lang.String,java.lang.String,java.lang.String,java.lang.String,java.lang.String,java.lang.String,java.lang.String,java.lang.String,java.lang.String,java.lang.String)[pri:0, instance:bootcamp2testng.EditAccount@481ba2cf]" started-at="2024-06-30T16:35:50 IST" name="updateAccount" data-provider="getdata2" finished-at="2024-06-30T16:36:08 IST" duration-ms="17584" status="PASS">
          <params>
            <param index="0">
              <value>
                <![CDATA[75027444]]>
              </value>
            </param>
            <param index="1">
              <value>
                <![CDATA[Technology Partner]]>
              </value>
            </param>
            <param index="2">
              <value>
                <![CDATA[Healthcare]]>
              </value>
            </param>
            <param index="3">
              <value>
                <![CDATA[Chennai1]]>
              </value>
            </param>
            <param index="4">
              <value>
                <![CDATA[Chennai2]]>
              </value>
            </param>
            <param index="5">
              <value>
                <![CDATA[Chennai3]]>
              </value>
            </param>
            <param index="6">
              <value>
                <![CDATA[Chennai4]]>
              </value>
            </param>
            <param index="7">
              <value>
                <![CDATA[Banglore1]]>
              </value>
            </param>
            <param index="8">
              <value>
                <![CDATA[Banglore2]]>
              </value>
            </param>
            <param index="9">
              <value>
                <![CDATA[Banglore3]]>
              </value>
            </param>
            <param index="10">
              <value>
                <![CDATA[Banglore4]]>
              </value>
            </param>
            <param index="11">
              <value>
                <![CDATA[No]]>
              </value>
            </param>
          </params>
          <reporter-output>
          </reporter-output>
        </test-method> <!-- updateAccount -->
        <test-method is-config="true" signature="tearDown(org.testng.ITestResult)[pri:0, instance:bootcamp2testng.EditAccount@481ba2cf]" started-at="2024-06-30T16:36:08 IST" name="tearDown" finished-at="2024-06-30T16:36:09 IST" duration-ms="1001" status="PASS">
          <params>
            <param index="0">
              <value>
                <![CDATA[[TestResult name=updateAccount status=SUCCESS method=EditAccount.updateAccount(java.lang.String,java.lang.String,java.lang.String,java.lang.String,java.lang.String,java.lang.String,java.lang.String,java.lang.String,java.lang.String,java.lang.String,java.lang.String,java.lang.String)[pri:0, instance:bootcamp2testng.EditAccount@481ba2cf] output={null}]]]>
              </value>
            </param>
          </params>
          <reporter-output>
          </reporter-output>
        </test-method> <!-- tearDown -->
      </class> <!-- bootcamp2testng.EditAccount -->
    </test> <!-- Test -->
  </suite> <!-- Suite -->
</testng-results>
